<?xml version="1.0" encoding="UTF-8"?>
<!-- Generated by org.testng.reporters.JUnitReportReporter -->
<testsuite hostname="DESKTOP-NNGQNDK" failures="0" tests="8" name="com.sgtesting.scenarios.CreateUserScenarioDemo" time="16.734" errors="0" timestamp="2022-07-25T09:15:13 IST" skipped="2">
  <testcase classname="com.sgtesting.scenarios.CreateUserScenarioDemo" name="launchBrowser" time="1.786"/>
  <system-out/>
  <testcase classname="com.sgtesting.scenarios.CreateUserScenarioDemo" name="navigate" time="6.108"/>
  <system-out/>
  <testcase classname="com.sgtesting.scenarios.CreateUserScenarioDemo" name="login" time="4.282"/>
  <system-out/>
  <testcase classname="com.sgtesting.scenarios.CreateUserScenarioDemo" name="minimizeFlyOutWindow" time="2.054"/>
  <system-out/>
  <testcase classname="com.sgtesting.scenarios.CreateUserScenarioDemo" name="logout" time="2.227"/>
  <system-out/>
  <testcase classname="com.sgtesting.scenarios.CreateUserScenarioDemo" name="closeApplication" time="0.277"/>
  <system-out/>
  <testcase classname="com.sgtesting.scenarios.CreateUserScenarioDemo" name="deleteUser">
    <skipped/>
  </testcase> <!-- deleteUser -->
  <system-out/>
  <testcase classname="com.sgtesting.scenarios.CreateUserScenarioDemo" name="createUser">
    <skipped/>
  </testcase> <!-- createUser -->
  <system-out/>
</testsuite> <!-- com.sgtesting.scenarios.CreateUserScenarioDemo -->
