<?xml version="1.0" encoding="UTF-8"?>
<!-- Generated by org.testng.reporters.JUnitReportReporter -->
<testsuite skipped="0" hostname="DESKTOP-NNGQNDK" name="com.sgtesting.actitime.testsuite.DriverScript" tests="2" failures="0" timestamp="2022-08-14T08:37:21 IST" time="84.395" errors="0">
  <testcase name="feature" time="25.571" classname="com.sgtesting.actitime.testsuite.DriverScript"/>
  <system-out/>
  <testcase name="feature" time="58.824" classname="com.sgtesting.actitime.testsuite.DriverScript"/>
  <system-out/>
</testsuite> <!-- com.sgtesting.actitime.testsuite.DriverScript -->
